[14/Jul/2012:06:44:40] (phpbot) going towards (,)
[14/Jul/2012:06:49:24] (phpbot) going towards (,)
[14/Jul/2012:06:49:45] (phpbot) going towards (,)
[14/Jul/2012:06:50:18] (phpbot) going towards (3,3)
[14/Jul/2012:06:50:28] (phpbot) going towards (3,3)
[14/Jul/2012:06:52:14] (phpbot) going towards (3,3)
[14/Jul/2012:06:53:19] (phpbot) going towards (3,3)
[14/Jul/2012:06:55:24] (phpbot) going D towards (3,3)
[14/Jul/2012:06:58:02] (phpbot) going D towards (3,3)
[14/Jul/2012:06:58:16] (phpbot) going D towards (3,3)
[14/Jul/2012:06:58:43] (phpbot) going D towards (3,3)
[14/Jul/2012:06:58:45] (phpbot) going D towards (3,3)
[14/Jul/2012:07:00:00] (phpbot) going D towards (3,3) from (4,4)
[14/Jul/2012:07:00:04] (phpbot) going D towards (3,3) from (4,3)
[14/Jul/2012:07:01:39] (phpbot) going L towards (3,3) from (4,4)
[14/Jul/2012:07:01:42] (phpbot) going D towards (3,3) from (3,4)
[14/Jul/2012:07:01:45] (phpbot) going L towards (1,2) from (3,3)
[14/Jul/2012:07:01:50] (phpbot) going L towards (1,2) from (2,3)
[14/Jul/2012:07:01:52] (phpbot) going D towards (1,2) from (1,3)
[14/Jul/2012:07:01:53] (phpbot) going R towards (4,1) from (1,2)
[14/Jul/2012:07:01:55] (phpbot) going R towards (4,1) from (2,2)
[14/Jul/2012:07:01:56] (phpbot) going R towards (4,1) from (3,2)
[14/Jul/2012:07:01:58] (phpbot) going R towards (4,1) from (3,2)
[14/Jul/2012:07:01:58] (phpbot) going R towards (4,1) from (3,2)
[14/Jul/2012:07:02:09] (phpbot) going U towards (2,6) from (2,5)
[14/Jul/2012:07:02:11] (phpbot) going D towards (2,4) from (2,6)
[14/Jul/2012:07:10:57] (phpbot) going U towards (2,6) from (2,5)
[14/Jul/2012:07:10:57] (phpbot) going D towards (2,4) from (2,6)
[14/Jul/2012:07:29:25] (phpbot) going L towards (3,3) from (4,4)
[14/Jul/2012:07:29:25] (phpbot) going D towards (3,3) from (3,4)
[14/Jul/2012:07:29:26] (phpbot) going L towards (1,2) from (3,3)
[14/Jul/2012:07:29:27] (phpbot) going L towards (1,2) from (2,3)
[14/Jul/2012:07:29:27] (phpbot) going D towards (1,2) from (1,3)
[14/Jul/2012:07:29:28] (phpbot) going R towards (4,1) from (1,2)
[14/Jul/2012:07:29:28] (phpbot) going R towards (4,1) from (2,2)
[14/Jul/2012:07:29:29] (phpbot) going R towards (4,1) from (3,2)
[14/Jul/2012:07:29:30] (phpbot) going R towards (4,1) from (3,2)
[14/Jul/2012:07:31:48] (phpbot) going R towards (4,1) from (3,2)
[14/Jul/2012:07:31:50] (phpbot) going R towards (4,1) from (3,2)
[14/Jul/2012:07:31:51] (phpbot) going R towards (4,1) from (3,2)
[14/Jul/2012:07:31:53] (phpbot) going R towards (4,1) from (3,2)
[14/Jul/2012:07:31:55] (phpbot) going R towards (4,1) from (3,2)
[14/Jul/2012:07:32:20] (phpbot) going L towards (3,3) from (4,4)
[14/Jul/2012:07:32:57] (phpbot) going L towards (3,3) from (4,4)
[14/Jul/2012:07:33:00] (phpbot) going D towards (3,3) from (3,4)
[14/Jul/2012:07:33:03] (phpbot) going L towards (1,2) from (3,3)
[14/Jul/2012:07:33:04] (phpbot) going L towards (1,2) from (2,3)
[14/Jul/2012:07:33:06] (phpbot) going D towards (1,2) from (1,3)
[14/Jul/2012:07:33:08] (phpbot) going R towards (4,1) from (1,2)
[14/Jul/2012:07:33:12] (phpbot) going R towards (4,1) from (2,2)
[14/Jul/2012:07:33:23] (phpbot) going R towards (4,1) from (3,2)
[14/Jul/2012:07:33:26] (phpbot) going R towards (4,1) from (3,2)
[14/Jul/2012:08:08:29] (phpbot) going L towards (3,3) from (4,4)
[14/Jul/2012:08:08:29] (phpbot) going D towards (3,3) from (3,4)
[14/Jul/2012:08:08:29] (phpbot) going L towards (1,2) from (3,3)
[14/Jul/2012:08:08:30] (phpbot) going L towards (1,2) from (2,3)
[14/Jul/2012:08:08:30] (phpbot) going D towards (1,2) from (1,3)
[14/Jul/2012:08:08:30] (phpbot) going R towards (4,1) from (1,2)
[14/Jul/2012:08:08:31] (phpbot) going R towards (4,1) from (2,2)
[14/Jul/2012:08:26:46] (phpbot) going D towards (3,3) from (4,4)
[14/Jul/2012:08:26:48] (phpbot) going L towards (3,3) from (4,3)
[14/Jul/2012:08:26:49] (phpbot) going L towards (1,2) from (3,3)
[14/Jul/2012:08:26:51] (phpbot) going D towards (1,2) from (2,3)
[14/Jul/2012:08:26:52] (phpbot) going L towards (1,2) from (2,2)
[14/Jul/2012:08:26:53] (phpbot) going R towards (4,1) from (1,2)
[14/Jul/2012:08:26:54] (phpbot) going R towards (4,1) from (2,2)
[14/Jul/2012:08:26:59] (phpbot) going R towards (4,1) from (2,2)
[14/Jul/2012:08:29:31] (phpbot) going D towards (3,3) from (4,4)
[14/Jul/2012:08:33:19] (phpbot) going D to (3,3) towards (3,3) from (4,4)
[14/Jul/2012:08:33:29] (phpbot) going L to (2) towards (3,3) from (4,3)
[14/Jul/2012:08:33:31] (phpbot) going L to (2) towards (1,2) from (3,3)
[14/Jul/2012:08:33:32] (phpbot) going D to (2,1) towards (1,2) from (2,3)
[14/Jul/2012:08:33:33] (phpbot) going L to (1) towards (1,2) from (2,2)
[14/Jul/2012:08:33:34] (phpbot) going R to (3) towards (4,1) from (1,2)
[14/Jul/2012:08:33:35] (phpbot) going R to (3) towards (4,1) from (2,2)
[14/Jul/2012:08:33:35] (phpbot) going R to (3) towards (4,1) from (2,2)
[14/Jul/2012:08:33:37] (phpbot) going R to (3) towards (4,1) from (2,2)
[14/Jul/2012:08:33:38] (phpbot) going R to (3) towards (4,1) from (2,2)
[14/Jul/2012:08:33:39] (phpbot) going R to (3) towards (4,1) from (2,2)
[14/Jul/2012:08:33:40] (phpbot) going R to (3) towards (4,1) from (2,2)
[14/Jul/2012:08:34:55] (phpbot) going D to (3,3) towards (3,3) from (4,4)
[14/Jul/2012:08:34:56] (phpbot) going L to (3,2) towards (3,3) from (4,3)
[14/Jul/2012:08:34:57] (phpbot) going L to (3,0) towards (1,2) from (3,3)
[14/Jul/2012:08:34:57] (phpbot) going D to (2,1) towards (1,2) from (2,3)
[14/Jul/2012:08:34:57] (phpbot) going L to (2,0) towards (1,2) from (2,2)
[14/Jul/2012:08:34:58] (phpbot) going R to (2,5) towards (4,1) from (1,2)
[14/Jul/2012:08:34:58] (phpbot) going R to (2,5) towards (4,1) from (2,2)
[14/Jul/2012:08:34:58] (phpbot) going R to (2,5) towards (4,1) from (2,2)
[14/Jul/2012:08:34:58] (phpbot) going R to (2,5) towards (4,1) from (2,2)
[14/Jul/2012:08:34:59] (phpbot) going R to (2,5) towards (4,1) from (2,2)
[14/Jul/2012:08:34:59] (phpbot) going R to (2,5) towards (4,1) from (2,2)
[14/Jul/2012:08:35:00] (phpbot) going R to (2,5) towards (4,1) from (2,2)
[14/Jul/2012:08:35:09] (phpbot) going R to (2,5) towards (4,1) from (2,2)
[14/Jul/2012:08:35:09] (phpbot) going R to (2,5) towards (4,1) from (2,2)
[14/Jul/2012:08:35:19] (phpbot) going D to (3,3) towards (3,3) from (4,4)
[14/Jul/2012:08:37:20] (phpbot) going L to (3,2) towards (3,3) from (4,3)
[14/Jul/2012:08:38:16] (phpbot) going L to (3,0) towards (1,2) from (3,3)
[14/Jul/2012:08:42:51] (phpbot) going D to (4,3) towards (3,3) from (4,4)
[14/Jul/2012:08:42:54] (phpbot) going L to (3,3) towards (3,3) from (4,3)
[14/Jul/2012:08:42:57] (phpbot) going L to (2,3) towards (1,2) from (3,3)
[14/Jul/2012:08:43:00] (phpbot) going D to (2,2) towards (1,2) from (2,3)
[14/Jul/2012:08:43:01] (phpbot) going L to (1,2) towards (1,2) from (2,2)
[14/Jul/2012:08:43:04] (phpbot) going R to (2,2) towards (4,1) from (1,2)
[14/Jul/2012:08:43:06] (phpbot) going R to (3,2) towards (4,1) from (2,2)
[14/Jul/2012:08:43:10] (phpbot) going R to (3,2) towards (4,1) from (2,2)
[14/Jul/2012:18:09:22] (phpbot) going D to (4,3) towards (3,3) from (4,4)
[14/Jul/2012:18:09:24] (phpbot) going L to (3,3) towards (3,3) from (4,3)
[14/Jul/2012:18:09:25] (phpbot) going L to (2,3) towards (1,2) from (3,3)
[14/Jul/2012:18:09:26] (phpbot) going D to (2,2) towards (1,2) from (2,3)
[14/Jul/2012:18:09:26] (phpbot) going L to (1,2) towards (1,2) from (2,2)
[14/Jul/2012:18:09:27] (phpbot) going R to (2,2) towards (4,1) from (1,2)
[14/Jul/2012:18:09:27] (phpbot) going R to (3,2) towards (4,1) from (2,2)
[14/Jul/2012:18:09:28] (phpbot) going R to (3,2) towards (4,1) from (2,2)
[14/Jul/2012:19:39:49] (phpbot) going L to (-1,) towards (,) from (,)
[14/Jul/2012:19:40:48] (phpbot) going L to (-1,) towards (,) from (,)
[14/Jul/2012:23:22:18] (phpbot) {"trampoline_back":{},"map":[["#","#","#","#","#","#"],["#","."," ","*","R","#"],["#"," "," ","\\",".","#"],["#","\\"," ","*"," ","#"],["L"," "," ",".","\\","#"],["#","#","#","#","#","#"]],"flooding":0,"flooding_step":0,"robot_loc":[4,4],"lambda_count":0,"waterproof_step":0,"waterproof":10,"bonus_score":0,"move_count":0,"lambda_remain":3,"partial_score":0,"trampoline_forward":{},"score":0,"water":0,"trampoline_loc":{}}:{"trampoline_back":{},"map":[["#","#","#","#","#","#"],["#","."," ","*","R","#"],["#"," "," ","\\",".","#"],["#","\\"," ","*"," ","#"],["L"," "," ",".","\\","#"],["#","#","#","#","#","#"]],"flooding":0,"flooding_step":0,"robot_loc":[4,4],"lambda_count":0,"waterproof_step":0,"waterproof":10,"bonus_score":0,"move_count":1,"lambda_remain":3,"partial_score":-1,"trampoline_forward":{},"score":-1,"water":0,"trampoline_loc":{}}
[14/Jul/2012:23:25:47] (phpbot) {"trampoline_back":{},"map":[["#","#","#","#","#","#"],["#","."," ","*","R","#"],["#"," "," ","\\",".","#"],["#","\\"," ","*"," ","#"],["L"," "," ",".","\\","#"],["#","#","#","#","#","#"]],"flooding":0,"flooding_step":0,"robot_loc":[4,4],"lambda_count":0,"waterproof_step":0,"waterproof":10,"bonus_score":0,"move_count":0,"lambda_remain":3,"partial_score":0,"trampoline_forward":{},"score":0,"water":0,"trampoline_loc":{}}:{"trampoline_back":{},"map":[["#","#","#","#","#","#"],["#","."," ","*","R","#"],["#"," "," ","\\",".","#"],["#","\\"," ","*"," ","#"],["L"," "," ",".","\\","#"],["#","#","#","#","#","#"]],"flooding":0,"flooding_step":0,"robot_loc":[4,4],"lambda_count":0,"waterproof_step":0,"waterproof":10,"bonus_score":0,"move_count":1,"lambda_remain":3,"partial_score":-1,"trampoline_forward":{},"score":-1,"water":0,"trampoline_loc":{}}
[14/Jul/2012:23:25:47] (phpbot) (4,4):(4,4)
[14/Jul/2012:23:26:32] (phpbot) (4,4):(4,4)
[14/Jul/2012:23:27:16] (phpbot) (4,4):(4,4)
[14/Jul/2012:23:27:16] (phpbot) blah
[14/Jul/2012:23:28:01] (phpbot) (4,4):(4,4)
[14/Jul/2012:23:29:31] (phpbot) (4,4):(4,4):
[14/Jul/2012:23:29:57] (phpbot) (4,4):(4,3):D
[14/Jul/2012:23:29:58] (phpbot) (4,3):(3,3):L
[14/Jul/2012:23:29:59] (phpbot) (3,3):(2,3):L
[14/Jul/2012:23:30:00] (phpbot) (2,3):(2,2):D
[14/Jul/2012:23:30:00] (phpbot) (2,2):(1,2):L
[14/Jul/2012:23:30:01] (phpbot) (1,2):(2,2):R
[14/Jul/2012:23:30:02] (phpbot) (2,2):(2,2):R
[14/Jul/2012:23:57:49] (phpbot) R
[14/Jul/2012:23:57:53] (phpbot) R
[15/Jul/2012:00:19:24] (phpbot) R
[15/Jul/2012:00:19:24] (phpbot) L
[15/Jul/2012:00:19:26] (phpbot) U
[15/Jul/2012:00:19:26] (phpbot) R
[15/Jul/2012:00:19:27] (phpbot) R
[15/Jul/2012:00:19:27] (phpbot) L
[15/Jul/2012:00:19:28] (phpbot) U
[15/Jul/2012:00:19:28] (phpbot) R
[15/Jul/2012:00:27:55] (phpbot) U
[15/Jul/2012:00:27:55] (phpbot) R
[15/Jul/2012:00:34:39] (phpbot) U
